Using pre-set license
Built from '2023.2/staging' branch; Version is '2023.2.20f1 (0e25a174756c) revision 927137'; Using compiler version '193431935'; Build Type 'Release'
OS: 'Windows 11  (10.0.22631) 64bit Professional' Language: 'ko' Physical Memory: 7489 MB
BatchMode: 1, IsHumanControllingUs: 0, StartBugReporterOnCrash: 0, Is64bit: 1, IsPro: 1

COMMAND LINE ARGUMENTS:
C:\Program Files\Unity\Hub\Editor\2023.2.20f1-x86_64\Editor\Unity.exe
-adb2
-batchMode
-noUpm
-name
AssetImportWorker2
-projectPath
C:/Users/user/HW1_201912312
-logFile
Logs/AssetImportWorker2.log
-srvPort
4750
-job-worker-count
5
-background-job-worker-count
8
-asset-garbage-collectors
1
Successfully changed project path to: C:/Users/user/HW1_201912312
C:/Users/user/HW1_201912312
[UnityMemory] Configuration Parameters - Can be set up in boot.config
    "memorysetup-bucket-allocator-granularity=16"
    "memorysetup-bucket-allocator-bucket-count=8"
    "memorysetup-bucket-allocator-block-size=33554432"
    "memorysetup-bucket-allocator-block-count=8"
    "memorysetup-main-allocator-block-size=16777216"
    "memorysetup-thread-allocator-block-size=16777216"
    "memorysetup-gfx-main-allocator-block-size=16777216"
    "memorysetup-gfx-thread-allocator-block-size=16777216"
    "memorysetup-cache-allocator-block-size=4194304"
    "memorysetup-typetree-allocator-block-size=2097152"
    "memorysetup-profiler-bucket-allocator-granularity=16"
    "memorysetup-profiler-bucket-allocator-bucket-count=8"
    "memorysetup-profiler-bucket-allocator-block-size=33554432"
    "memorysetup-profiler-bucket-allocator-block-count=8"
    "memorysetup-profiler-allocator-block-size=16777216"
    "memorysetup-profiler-editor-allocator-block-size=1048576"
    "memorysetup-temp-allocator-size-main=16777216"
    "memorysetup-job-temp-allocator-block-size=2097152"
    "memorysetup-job-temp-allocator-block-size-background=1048576"
    "memorysetup-job-temp-allocator-reduction-small-platforms=262144"
    "memorysetup-allocator-temp-initial-block-size-main=262144"
    "memorysetup-allocator-temp-initial-block-size-worker=262144"
    "memorysetup-temp-allocator-size-background-worker=32768"
    "memorysetup-temp-allocator-size-job-worker=262144"
    "memorysetup-temp-allocator-size-preload-manager=33554432"
    "memorysetup-temp-allocator-size-nav-mesh-worker=65536"
    "memorysetup-temp-allocator-size-audio-worker=65536"
    "memorysetup-temp-allocator-size-cloud-worker=32768"
    "memorysetup-temp-allocator-size-gi-baking-worker=262144"
    "memorysetup-temp-allocator-size-gi-baking-worker=262144"
    "memorysetup-temp-allocator-size-gi-baking-worker=262144"
    "memorysetup-temp-allocator-size-gi-baking-worker=262144"
    "memorysetup-temp-allocator-size-gfx=262144"
Player connection [7000] Host "[IP] 172.30.1.77 [Port] 0 [Flags] 2 [Guid] 2202782112 [EditorId] 2202782112 [Version] 1048832 [Id] WindowsEditor(7,DESKTOP-15RHFOB) [Debug] 1 [PackageName] WindowsEditor [ProjectName] Editor" joined multi-casting on [225.0.0.222:54997]...
Player connection [7000] Host "[IP] 172.30.1.77 [Port] 0 [Flags] 2 [Guid] 2202782112 [EditorId] 2202782112 [Version] 1048832 [Id] WindowsEditor(7,DESKTOP-15RHFOB) [Debug] 1 [PackageName] WindowsEditor [ProjectName] Editor" joined alternative multi-casting on [225.0.0.222:34997]...
JobSystem: Creating JobQueue using job-worker-count value 5
[Physics::Module] Initialized MultithreadedJobDispatcher with 5 workers.
Library Redirect Path: Library/
Refreshing native plugins compatible for Editor in 14.88 ms, found 6 plugins.
Preloading 0 native plugins for Editor in 0.00 ms.
Initialize engine version: 2023.2.20f1 (0e25a174756c)
[Subsystems] Discovering subsystems at path C:/Program Files/Unity/Hub/Editor/2023.2.20f1-x86_64/Editor/Data/Resources/UnitySubsystems
[Subsystems] Discovering subsystems at path C:/Users/user/HW1_201912312/Assets
GfxDevice: creating device client; kGfxThreadingModeNonThreaded
Direct3D:
    Version:  Direct3D 11.0 [level 11.1]
    Renderer: AMD Radeon (TM) Graphics (ID=0x15e7)
    Vendor:   ATI
    VRAM:     3744 MB
    Driver:   31.0.21912.2004
Initialize mono
Mono path[0] = 'C:/Program Files/Unity/Hub/Editor/2023.2.20f1-x86_64/Editor/Data/Managed'
Mono path[1] = 'C:/Program Files/Unity/Hub/Editor/2023.2.20f1-x86_64/Editor/Data/MonoBleedingEdge/lib/mono/unityjit-win32'
Mono config path = 'C:/Program Files/Unity/Hub/Editor/2023.2.20f1-x86_64/Editor/Data/MonoBleedingEdge/etc'
Using monoOptions --debugger-agent=transport=dt_socket,embedding=1,server=y,suspend=n,address=127.0.0.1:56900
Begin MonoManager ReloadAssembly
Registering precompiled unity dll's ...
Register platform support module: C:/Program Files/Unity/Hub/Editor/2023.2.20f1-x86_64/Editor/Data/PlaybackEngines/WindowsStandaloneSupport/UnityEditor.WindowsStandalone.Extensions.dll
Registered in 0.006535 seconds.
- Loaded All Assemblies, in  0.615 seconds
Native extension for WindowsStandalone target not found
Mono: successfully reloaded assembly
- Finished resetting the current domain, in  0.416 seconds
Domain Reload Profiling: 1026ms
	BeginReloadAssembly (256ms)
		ExecutionOrderSort (0ms)
		DisableScriptedObjects (0ms)
		BackupInstance (0ms)
		ReleaseScriptingObjects (0ms)
		CreateAndSetChildDomain (1ms)
	RebuildCommonClasses (52ms)
	RebuildNativeTypeToScriptingClass (12ms)
	initialDomainReloadingComplete (74ms)
	LoadAllAssembliesAndSetupDomain (215ms)
		LoadAssemblies (249ms)
		RebuildTransferFunctionScriptingTraits (0ms)
		AnalyzeDomain (211ms)
			TypeCache.Refresh (209ms)
				TypeCache.ScanAssembly (184ms)
			BuildScriptInfoCaches (0ms)
			ResolveRequiredComponents (1ms)
	FinalizeReload (417ms)
		ReleaseScriptCaches (0ms)
		RebuildScriptCaches (0ms)
		SetupLoadedEditorAssemblies (333ms)
			LogAssemblyErrors (0ms)
			InitializePlatformSupportModulesInManaged (15ms)
			SetLoadedEditorAssemblies (6ms)
			BeforeProcessingInitializeOnLoad (7ms)
			ProcessInitializeOnLoadAttributes (250ms)
			ProcessInitializeOnLoadMethodAttributes (55ms)
			AfterProcessingInitializeOnLoad (0ms)
			EditorAssembliesLoaded (0ms)
		ExecutionOrderSort2 (0ms)
		AwakeInstancesAfterBackupRestoration (0ms)
========================================================================
Worker process is ready to serve import requests
Import Worker Mode flag is 0x00
Begin MonoManager ReloadAssembly
Symbol file LoadedFromMemory doesn't match image C:\Users\user\HW1_201912312\Library\PackageCache\com.unity.visualscripting@1.8.0\Editor\VisualScripting.Core\Dependencies\YamlDotNet\Unity.VisualScripting.YamlDotNet.dll
Symbol file LoadedFromMemory doesn't match image C:\Users\user\HW1_201912312\Library\PackageCache\com.unity.visualscripting@1.8.0\Editor\VisualScripting.Core\Dependencies\DotNetZip\Unity.VisualScripting.IonicZip.dll
- Loaded All Assemblies, in  1.719 seconds
Refreshing native plugins compatible for Editor in 3.85 ms, found 6 plugins.
Native extension for WindowsStandalone target not found
Mono: successfully reloaded assembly
- Finished resetting the current domain, in  0.772 seconds
Domain Reload Profiling: 2483ms
	BeginReloadAssembly (657ms)
		ExecutionOrderSort (0ms)
		DisableScriptedObjects (5ms)
		BackupInstance (0ms)
		ReleaseScriptingObjects (0ms)
		CreateAndSetChildDomain (38ms)
	RebuildCommonClasses (34ms)
	RebuildNativeTypeToScriptingClass (11ms)
	initialDomainReloadingComplete (42ms)
	LoadAllAssembliesAndSetupDomain (967ms)
		LoadAssemblies (701ms)
		RebuildTransferFunctionScriptingTraits (0ms)
		AnalyzeDomain (388ms)
			TypeCache.Refresh (332ms)
				TypeCache.ScanAssembly (309ms)
			BuildScriptInfoCaches (41ms)
			ResolveRequiredComponents (10ms)
	FinalizeReload (773ms)
		ReleaseScriptCaches (0ms)
		RebuildScriptCaches (0ms)
		SetupLoadedEditorAssemblies (566ms)
			LogAssemblyErrors (0ms)
			InitializePlatformSupportModulesInManaged (3ms)
			SetLoadedEditorAssemblies (4ms)
			BeforeProcessingInitializeOnLoad (75ms)
			ProcessInitializeOnLoadAttributes (435ms)
			ProcessInitializeOnLoadMethodAttributes (39ms)
			AfterProcessingInitializeOnLoad (9ms)
			EditorAssembliesLoaded (0ms)
		ExecutionOrderSort2 (0ms)
		AwakeInstancesAfterBackupRestoration (16ms)
Launched and connected shader compiler UnityShaderCompiler.exe after 0.02 seconds
Refreshing native plugins compatible for Editor in 3.50 ms, found 6 plugins.
Preloading 0 native plugins for Editor in 0.00 ms.
Unloading 210 Unused Serialized files (Serialized files now loaded: 0)
Unloading 6808 unused Assets / (8.6 MB). Loaded Objects now: 7529.
Memory consumption went from 214.8 MB to 206.1 MB.
Total: 11.783500 ms (FindLiveObjects: 1.187300 ms CreateObjectMapping: 0.852300 ms MarkObjects: 5.794100 ms  DeleteObjects: 3.947400 ms)

========================================================================
Received Import Request.
  Time since last request: 453722.471167 seconds.
  path: Assets/Polygonal Particles/Assets/Meshes/PolygonalMesh.fbx
  artifactKey: Guid(376153f3bc577c84ead7c2bc8df9c990) Importer(815301076,1909f56bfc062723c751e8b465ee728b)
Start importing Assets/Polygonal Particles/Assets/Meshes/PolygonalMesh.fbx using Guid(376153f3bc577c84ead7c2bc8df9c990) Importer(815301076,1909f56bfc062723c751e8b465ee728b) (PreviewImporter) -> (artifact id: 'b28b64fe193ea6310148580f1688441a') in 0.1725529 seconds
Number of updated asset objects reloaded before import = 0Number of asset objects unloaded after import = 18

========================================================================
Received Prepare
Begin MonoManager ReloadAssembly
Symbol file LoadedFromMemory doesn't match image C:\Users\user\HW1_201912312\Library\PackageCache\com.unity.visualscripting@1.8.0\Editor\VisualScripting.Core\Dependencies\YamlDotNet\Unity.VisualScripting.YamlDotNet.dll
Symbol file LoadedFromMemory doesn't match image C:\Users\user\HW1_201912312\Library\PackageCache\com.unity.visualscripting@1.8.0\Editor\VisualScripting.Core\Dependencies\DotNetZip\Unity.VisualScripting.IonicZip.dll
- Loaded All Assemblies, in  1.298 seconds
Refreshing native plugins compatible for Editor in 3.06 ms, found 6 plugins.
Native extension for WindowsStandalone target not found
Mono: successfully reloaded assembly
- Finished resetting the current domain, in  1.633 seconds
Domain Reload Profiling: 2930ms
	BeginReloadAssembly (269ms)
		ExecutionOrderSort (0ms)
		DisableScriptedObjects (4ms)
		BackupInstance (0ms)
		ReleaseScriptingObjects (1ms)
		CreateAndSetChildDomain (62ms)
	RebuildCommonClasses (55ms)
	RebuildNativeTypeToScriptingClass (14ms)
	initialDomainReloadingComplete (46ms)
	LoadAllAssembliesAndSetupDomain (909ms)
		LoadAssemblies (812ms)
		RebuildTransferFunctionScriptingTraits (0ms)
		AnalyzeDomain (246ms)
			TypeCache.Refresh (11ms)
				TypeCache.ScanAssembly (0ms)
			BuildScriptInfoCaches (216ms)
			ResolveRequiredComponents (13ms)
	FinalizeReload (1636ms)
		ReleaseScriptCaches (0ms)
		RebuildScriptCaches (0ms)
		SetupLoadedEditorAssemblies (1195ms)
			LogAssemblyErrors (0ms)
			InitializePlatformSupportModulesInManaged (3ms)
			SetLoadedEditorAssemblies (66ms)
			BeforeProcessingInitializeOnLoad (254ms)
			ProcessInitializeOnLoadAttributes (747ms)
			ProcessInitializeOnLoadMethodAttributes (105ms)
			AfterProcessingInitializeOnLoad (19ms)
			EditorAssembliesLoaded (1ms)
		ExecutionOrderSort2 (0ms)
		AwakeInstancesAfterBackupRestoration (72ms)
Refreshing native plugins compatible for Editor in 13.00 ms, found 6 plugins.
Preloading 0 native plugins for Editor in 0.00 ms.
Unloading 38 Unused Serialized files (Serialized files now loaded: 0)
Unloading 6807 unused Assets / (8.0 MB). Loaded Objects now: 7574.
Memory consumption went from 178.2 MB to 170.1 MB.
Total: 47.485200 ms (FindLiveObjects: 5.779100 ms CreateObjectMapping: 5.259900 ms MarkObjects: 22.217800 ms  DeleteObjects: 14.223200 ms)

Prepare: number of updated asset objects reloaded= 0
========================================================================
Received Prepare
Begin MonoManager ReloadAssembly
Symbol file LoadedFromMemory doesn't match image C:\Users\user\HW1_201912312\Library\PackageCache\com.unity.visualscripting@1.8.0\Editor\VisualScripting.Core\Dependencies\YamlDotNet\Unity.VisualScripting.YamlDotNet.dll
Symbol file LoadedFromMemory doesn't match image C:\Users\user\HW1_201912312\Library\PackageCache\com.unity.visualscripting@1.8.0\Editor\VisualScripting.Core\Dependencies\DotNetZip\Unity.VisualScripting.IonicZip.dll
- Loaded All Assemblies, in  1.395 seconds
Refreshing native plugins compatible for Editor in 3.33 ms, found 6 plugins.
Native extension for WindowsStandalone target not found
Mono: successfully reloaded assembly
- Finished resetting the current domain, in  1.173 seconds
Domain Reload Profiling: 2556ms
	BeginReloadAssembly (411ms)
		ExecutionOrderSort (0ms)
		DisableScriptedObjects (6ms)
		BackupInstance (0ms)
		ReleaseScriptingObjects (1ms)
		CreateAndSetChildDomain (69ms)
	RebuildCommonClasses (40ms)
	RebuildNativeTypeToScriptingClass (14ms)
	initialDomainReloadingComplete (56ms)
	LoadAllAssembliesAndSetupDomain (860ms)
		LoadAssemblies (859ms)
		RebuildTransferFunctionScriptingTraits (0ms)
		AnalyzeDomain (284ms)
			TypeCache.Refresh (11ms)
				TypeCache.ScanAssembly (0ms)
			BuildScriptInfoCaches (255ms)
			ResolveRequiredComponents (13ms)
	FinalizeReload (1174ms)
		ReleaseScriptCaches (0ms)
		RebuildScriptCaches (0ms)
		SetupLoadedEditorAssemblies (835ms)
			LogAssemblyErrors (0ms)
			InitializePlatformSupportModulesInManaged (3ms)
			SetLoadedEditorAssemblies (6ms)
			BeforeProcessingInitializeOnLoad (118ms)
			ProcessInitializeOnLoadAttributes (639ms)
			ProcessInitializeOnLoadMethodAttributes (54ms)
			AfterProcessingInitializeOnLoad (14ms)
			EditorAssembliesLoaded (1ms)
		ExecutionOrderSort2 (0ms)
		AwakeInstancesAfterBackupRestoration (38ms)
Refreshing native plugins compatible for Editor in 4.52 ms, found 6 plugins.
Preloading 0 native plugins for Editor in 0.00 ms.
Unloading 38 Unused Serialized files (Serialized files now loaded: 0)
Unloading 6807 unused Assets / (8.9 MB). Loaded Objects now: 7574.
Memory consumption went from 180.1 MB to 171.2 MB.
Total: 31.721300 ms (FindLiveObjects: 2.502200 ms CreateObjectMapping: 2.067800 ms MarkObjects: 13.737800 ms  DeleteObjects: 13.409500 ms)

Prepare: number of updated asset objects reloaded= 0
========================================================================
Received Import Request.
  Time since last request: 663.767555 seconds.
  path: Assets/Polygonal Particles/Assets/Meshes
  artifactKey: Guid(22cfe39f58ca9324fb1b9258e0a58bf7) Importer(815301076,1909f56bfc062723c751e8b465ee728b)
Start importing Assets/Polygonal Particles/Assets/Meshes using Guid(22cfe39f58ca9324fb1b9258e0a58bf7) Importer(815301076,1909f56bfc062723c751e8b465ee728b) (PreviewImporter) -> (artifact id: 'a6b374c02806ade810f39b15354c8f65') in 0.0867851 seconds
Number of updated asset objects reloaded before import = 0Number of asset objects unloaded after import = 0

========================================================================
Received Import Request.
  Time since last request: 0.001117 seconds.
  path: Assets/Polygonal Particles/Assets/Meshes/WoodChip.fbx
  artifactKey: Guid(db32b33b90b007b47b8c02ad355c04bd) Importer(815301076,1909f56bfc062723c751e8b465ee728b)
Start importing Assets/Polygonal Particles/Assets/Meshes/WoodChip.fbx using Guid(db32b33b90b007b47b8c02ad355c04bd) Importer(815301076,1909f56bfc062723c751e8b465ee728b) (PreviewImporter) -> (artifact id: '14d3f8491bac6baae67a6beeb8979047') in 0.5864908 seconds
Number of updated asset objects reloaded before import = 0Number of asset objects unloaded after import = 18

========================================================================
Received Import Request.
  Time since last request: 0.000036 seconds.
  path: Assets/Polygonal Particles/Assets/Meshes/Leaf.fbx
  artifactKey: Guid(6406e60ed0275324e910e5568a275b9e) Importer(815301076,1909f56bfc062723c751e8b465ee728b)
Start importing Assets/Polygonal Particles/Assets/Meshes/Leaf.fbx using Guid(6406e60ed0275324e910e5568a275b9e) Importer(815301076,1909f56bfc062723c751e8b465ee728b) (PreviewImporter) -> (artifact id: '820914d696cb8f2720cfa7bbaf99d9a3') in 0.0574449 seconds
Number of updated asset objects reloaded before import = 0Number of asset objects unloaded after import = 18

========================================================================
Received Import Request.
  Time since last request: 0.000030 seconds.
  path: Assets/Polygonal Particles/Assets/Meshes/Building_TowerConcrete.fbx
  artifactKey: Guid(af043257944da7f4cba7a0cbaf741bbc) Importer(815301076,1909f56bfc062723c751e8b465ee728b)
Start importing Assets/Polygonal Particles/Assets/Meshes/Building_TowerConcrete.fbx using Guid(af043257944da7f4cba7a0cbaf741bbc) Importer(815301076,1909f56bfc062723c751e8b465ee728b) (PreviewImporter) -> (artifact id: '19adaf188da6965c399e835c0ebdec03') in 0.411131 seconds
Number of updated asset objects reloaded before import = 0Number of asset objects unloaded after import = 58

========================================================================
Received Import Request.
  Time since last request: 0.000023 seconds.
  path: Assets/Polygonal Particles/Assets/Meshes/Firefly.fbx
  artifactKey: Guid(e883ef4c05022fa419f9d92e04d9aaca) Importer(815301076,1909f56bfc062723c751e8b465ee728b)
Start importing Assets/Polygonal Particles/Assets/Meshes/Firefly.fbx using Guid(e883ef4c05022fa419f9d92e04d9aaca) Importer(815301076,1909f56bfc062723c751e8b465ee728b) (PreviewImporter) -> (artifact id: '3bf9af16c0fd144aaf7754f05720974a') in 0.0708735 seconds
Number of updated asset objects reloaded before import = 0Number of asset objects unloaded after import = 18

========================================================================
Received Import Request.
  Time since last request: 1.365636 seconds.
  path: Assets/Polygonal Particles/Assets/Meshes/Materials
  artifactKey: Guid(e795b4bfc1044cc43b6dbca1f27544f4) Importer(815301076,1909f56bfc062723c751e8b465ee728b)
Start importing Assets/Polygonal Particles/Assets/Meshes/Materials using Guid(e795b4bfc1044cc43b6dbca1f27544f4) Importer(815301076,1909f56bfc062723c751e8b465ee728b) (PreviewImporter) -> (artifact id: 'ee0954fa1d32b5bdd9800ece0601e160') in 0.0010119 seconds
Number of updated asset objects reloaded before import = 0Number of asset objects unloaded after import = 0

========================================================================
Received Import Request.
  Time since last request: 0.052613 seconds.
  path: Assets/Polygonal Particles/Assets/Meshes/Materials/Firefly.mat
  artifactKey: Guid(71a76ea5373206446a1bf2bd8f71879c) Importer(815301076,1909f56bfc062723c751e8b465ee728b)
Start importing Assets/Polygonal Particles/Assets/Meshes/Materials/Firefly.mat using Guid(71a76ea5373206446a1bf2bd8f71879c) Importer(815301076,1909f56bfc062723c751e8b465ee728b) (PreviewImporter) -> (artifact id: 'a62ecc7f331563ec418bca3308e044a7') in 0.0170176 seconds
Number of updated asset objects reloaded before import = 0Number of asset objects unloaded after import = 1

========================================================================
Received Import Request.
  Time since last request: 2.474188 seconds.
  path: Assets/Polygonal Particles/Assets/Materials
  artifactKey: Guid(a82e4d1cd77f818459568839200dad5f) Importer(815301076,1909f56bfc062723c751e8b465ee728b)
Start importing Assets/Polygonal Particles/Assets/Materials using Guid(a82e4d1cd77f818459568839200dad5f) Importer(815301076,1909f56bfc062723c751e8b465ee728b) (PreviewImporter) -> (artifact id: '70f4dcd84d46352ea34cc278a45b0d6c') in 0.0017375 seconds
Number of updated asset objects reloaded before import = 0Number of asset objects unloaded after import = 0

========================================================================
Received Import Request.
  Time since last request: 0.052033 seconds.
  path: Assets/Polygonal Particles/Assets/Materials/Blizzard.mat
  artifactKey: Guid(383cd2d2b30a9f14fa4f4c0a77f37e14) Importer(815301076,1909f56bfc062723c751e8b465ee728b)
Start importing Assets/Polygonal Particles/Assets/Materials/Blizzard.mat using Guid(383cd2d2b30a9f14fa4f4c0a77f37e14) Importer(815301076,1909f56bfc062723c751e8b465ee728b) (PreviewImporter) -> (artifact id: '8701f130ee88cd2bc1c4b0a8242544f4') in 0.0329758 seconds
Number of updated asset objects reloaded before import = 0Number of asset objects unloaded after import = 1

========================================================================
Received Import Request.
  Time since last request: 0.000027 seconds.
  path: Assets/Polygonal Particles/Assets/Materials/Blood.mat
  artifactKey: Guid(b39e4954c6274084b80453f69cef33d9) Importer(815301076,1909f56bfc062723c751e8b465ee728b)
Start importing Assets/Polygonal Particles/Assets/Materials/Blood.mat using Guid(b39e4954c6274084b80453f69cef33d9) Importer(815301076,1909f56bfc062723c751e8b465ee728b) (PreviewImporter) -> (artifact id: 'fbe63e3f303f39e8035d8de349e88666') in 0.0097656 seconds
Number of updated asset objects reloaded before import = 0Number of asset objects unloaded after import = 1

========================================================================
Received Import Request.
  Time since last request: 0.000028 seconds.
  path: Assets/Polygonal Particles/Assets/Materials/FirefliesMobile.mat
  artifactKey: Guid(23d6b4bc043615642b2b59ba20ef9bfb) Importer(815301076,1909f56bfc062723c751e8b465ee728b)
Start importing Assets/Polygonal Particles/Assets/Materials/FirefliesMobile.mat using Guid(23d6b4bc043615642b2b59ba20ef9bfb) Importer(815301076,1909f56bfc062723c751e8b465ee728b) (PreviewImporter) -> (artifact id: '7dc9a9916365d1bf1aee2acc191381c2') in 0.0896225 seconds
Number of updated asset objects reloaded before import = 0Number of asset objects unloaded after import = 1

========================================================================
Received Import Request.
  Time since last request: 0.000042 seconds.
  path: Assets/Polygonal Particles/Assets/Materials/JetExhaust.mat
  artifactKey: Guid(00bedbb82a4cb1847a3dc8ce935f1358) Importer(815301076,1909f56bfc062723c751e8b465ee728b)
Start importing Assets/Polygonal Particles/Assets/Materials/JetExhaust.mat using Guid(00bedbb82a4cb1847a3dc8ce935f1358) Importer(815301076,1909f56bfc062723c751e8b465ee728b) (PreviewImporter) -> (artifact id: '490867ca0e0b1752f5eebe839cad0654') in 0.0668544 seconds
Number of updated asset objects reloaded before import = 0Number of asset objects unloaded after import = 1

========================================================================
Received Import Request.
  Time since last request: 0.000050 seconds.
  path: Assets/Polygonal Particles/Assets/Materials/JetExhaustMobile.mat
  artifactKey: Guid(f3ac2bf9aac84e547a36319d5b260a98) Importer(815301076,1909f56bfc062723c751e8b465ee728b)
Start importing Assets/Polygonal Particles/Assets/Materials/JetExhaustMobile.mat using Guid(f3ac2bf9aac84e547a36319d5b260a98) Importer(815301076,1909f56bfc062723c751e8b465ee728b) (PreviewImporter) -> (artifact id: 'faf08d6f9a4cee75913ee11f4274f2e5') in 0.0200128 seconds
Number of updated asset objects reloaded before import = 0Number of asset objects unloaded after import = 1

========================================================================
Received Import Request.
  Time since last request: 0.000018 seconds.
  path: Assets/Polygonal Particles/Assets/Materials/Explosion.mat
  artifactKey: Guid(1a754ee911c021f408022516e8bd4d01) Importer(815301076,1909f56bfc062723c751e8b465ee728b)
Start importing Assets/Polygonal Particles/Assets/Materials/Explosion.mat using Guid(1a754ee911c021f408022516e8bd4d01) Importer(815301076,1909f56bfc062723c751e8b465ee728b) (PreviewImporter) -> (artifact id: '45e16236e47694bb3eb7a01a090fa572') in 0.0359172 seconds
Number of updated asset objects reloaded before import = 0Number of asset objects unloaded after import = 1

========================================================================
Received Import Request.
  Time since last request: 0.000022 seconds.
  path: Assets/Polygonal Particles/Assets/Materials/RainMobile.mat
  artifactKey: Guid(c47170003b7cccd49ac9b3094470c1cc) Importer(815301076,1909f56bfc062723c751e8b465ee728b)
Start importing Assets/Polygonal Particles/Assets/Materials/RainMobile.mat using Guid(c47170003b7cccd49ac9b3094470c1cc) Importer(815301076,1909f56bfc062723c751e8b465ee728b) (PreviewImporter) -> (artifact id: '10bebc63998224b00cf31fae8dce3f3e') in 0.0355957 seconds
Number of updated asset objects reloaded before import = 0Number of asset objects unloaded after import = 1

========================================================================
Received Import Request.
  Time since last request: 0.000029 seconds.
  path: Assets/Polygonal Particles/Assets/Materials/Rain.mat
  artifactKey: Guid(d499979308abe504ba7f3751334d0c44) Importer(815301076,1909f56bfc062723c751e8b465ee728b)
Start importing Assets/Polygonal Particles/Assets/Materials/Rain.mat using Guid(d499979308abe504ba7f3751334d0c44) Importer(815301076,1909f56bfc062723c751e8b465ee728b) (PreviewImporter) -> (artifact id: '92e6c3cb07dfe5e28b3dc74b86115742') in 0.0371779 seconds
Number of updated asset objects reloaded before import = 0Number of asset objects unloaded after import = 1

========================================================================
Received Import Request.
  Time since last request: 0.000027 seconds.
  path: Assets/Polygonal Particles/Assets/Materials/DustMobile.mat
  artifactKey: Guid(cce1e234c87d372488bb96a013c93fa8) Importer(815301076,1909f56bfc062723c751e8b465ee728b)
Start importing Assets/Polygonal Particles/Assets/Materials/DustMobile.mat using Guid(cce1e234c87d372488bb96a013c93fa8) Importer(815301076,1909f56bfc062723c751e8b465ee728b) (PreviewImporter) -> (artifact id: 'd3250180ec1b2fe6665b4c2c504b2432') in 0.0281419 seconds
Number of updated asset objects reloaded before import = 0Number of asset objects unloaded after import = 1

========================================================================
Received Import Request.
  Time since last request: 0.000247 seconds.
  path: Assets/Polygonal Particles/Assets/Materials/Snow.mat
  artifactKey: Guid(ca890bf583739f64e8a7cee0a52cea73) Importer(815301076,1909f56bfc062723c751e8b465ee728b)
Start importing Assets/Polygonal Particles/Assets/Materials/Snow.mat using Guid(ca890bf583739f64e8a7cee0a52cea73) Importer(815301076,1909f56bfc062723c751e8b465ee728b) (PreviewImporter) -> (artifact id: '0048762b418ec3052bc59d91f70907a6') in 0.0366241 seconds
Number of updated asset objects reloaded before import = 0Number of asset objects unloaded after import = 1

========================================================================
Received Import Request.
  Time since last request: 0.000034 seconds.
  path: Assets/Polygonal Particles/Assets/Materials/Fire.mat
  artifactKey: Guid(0adccdc2a4b32954b8aed3fb0d07d3e7) Importer(815301076,1909f56bfc062723c751e8b465ee728b)
Start importing Assets/Polygonal Particles/Assets/Materials/Fire.mat using Guid(0adccdc2a4b32954b8aed3fb0d07d3e7) Importer(815301076,1909f56bfc062723c751e8b465ee728b) (PreviewImporter) -> (artifact id: 'd5f49196ce2b26a5b7bfc60dbb5c9642') in 0.0459076 seconds
Number of updated asset objects reloaded before import = 0Number of asset objects unloaded after import = 1

========================================================================
Received Import Request.
  Time since last request: 0.000030 seconds.
  path: Assets/Polygonal Particles/Assets/Materials/BloodMobile.mat
  artifactKey: Guid(b2ffa08da972da443bd00a6922421ea8) Importer(815301076,1909f56bfc062723c751e8b465ee728b)
Start importing Assets/Polygonal Particles/Assets/Materials/BloodMobile.mat using Guid(b2ffa08da972da443bd00a6922421ea8) Importer(815301076,1909f56bfc062723c751e8b465ee728b) (PreviewImporter) -> (artifact id: 'a7109d7676fbf1c5e204b054973bd5f0') in 0.0106235 seconds
Number of updated asset objects reloaded before import = 0Number of asset objects unloaded after import = 1

========================================================================
Received Import Request.
  Time since last request: 0.000023 seconds.
  path: Assets/Polygonal Particles/Assets/Materials/ExplosionMobile.mat
  artifactKey: Guid(92db4b45010a56146b66aa6ba3b712d3) Importer(815301076,1909f56bfc062723c751e8b465ee728b)
Start importing Assets/Polygonal Particles/Assets/Materials/ExplosionMobile.mat using Guid(92db4b45010a56146b66aa6ba3b712d3) Importer(815301076,1909f56bfc062723c751e8b465ee728b) (PreviewImporter) -> (artifact id: '887c38cf2c3fed308fb33870480937a3') in 0.0265923 seconds
Number of updated asset objects reloaded before import = 0Number of asset objects unloaded after import = 1

========================================================================
Received Import Request.
  Time since last request: 0.000030 seconds.
  path: Assets/Polygonal Particles/Assets/Materials/Dust.mat
  artifactKey: Guid(79ee872b942eedb4881a49a781700839) Importer(815301076,1909f56bfc062723c751e8b465ee728b)
Start importing Assets/Polygonal Particles/Assets/Materials/Dust.mat using Guid(79ee872b942eedb4881a49a781700839) Importer(815301076,1909f56bfc062723c751e8b465ee728b) (PreviewImporter) -> (artifact id: '253bf071da452811525f4352a6f01016') in 0.0437509 seconds
Number of updated asset objects reloaded before import = 0Number of asset objects unloaded after import = 1

========================================================================
Received Import Request.
  Time since last request: 0.000023 seconds.
  path: Assets/Polygonal Particles/Assets/Materials/LeafMobile.mat
  artifactKey: Guid(57adad89df312d147b7e47fc46d05d8a) Importer(815301076,1909f56bfc062723c751e8b465ee728b)
Start importing Assets/Polygonal Particles/Assets/Materials/LeafMobile.mat using Guid(57adad89df312d147b7e47fc46d05d8a) Importer(815301076,1909f56bfc062723c751e8b465ee728b) (PreviewImporter) -> (artifact id: '3b3b0147bbe1974d02ab2165f807cc54') in 0.0426527 seconds
Number of updated asset objects reloaded before import = 0Number of asset objects unloaded after import = 1

========================================================================
Received Import Request.
  Time since last request: 4.030280 seconds.
  path: Assets/Polygonal Particles/Assets/Prefabs/Environment/Blizzard.prefab
  artifactKey: Guid(74ae338682c60ab4cb3bbd884ace03af) Importer(815301076,1909f56bfc062723c751e8b465ee728b)
Start importing Assets/Polygonal Particles/Assets/Prefabs/Environment/Blizzard.prefab using Guid(74ae338682c60ab4cb3bbd884ace03af) Importer(815301076,1909f56bfc062723c751e8b465ee728b) (PreviewImporter) -> (artifact id: 'fc02dfe7bfaea0e701c58b443df2a5cf') in 0.0213963 seconds
Number of updated asset objects reloaded before import = 0Number of asset objects unloaded after import = 12

========================================================================
Received Import Request.
  Time since last request: 0.000034 seconds.
  path: Assets/Polygonal Particles/Assets/Prefabs/Environment/DesertDust_HighPerformance.prefab
  artifactKey: Guid(0bdc454a8724a4b4ab5b1d005f2614bc) Importer(815301076,1909f56bfc062723c751e8b465ee728b)
Start importing Assets/Polygonal Particles/Assets/Prefabs/Environment/DesertDust_HighPerformance.prefab using Guid(0bdc454a8724a4b4ab5b1d005f2614bc) Importer(815301076,1909f56bfc062723c751e8b465ee728b) (PreviewImporter) -> (artifact id: 'e5695560ac87a7ad76df55613d87b208') in 0.01199 seconds
Number of updated asset objects reloaded before import = 0Number of asset objects unloaded after import = 8

========================================================================
Received Import Request.
  Time since last request: 0.000040 seconds.
  path: Assets/Polygonal Particles/Assets/Prefabs/Environment/Fireflies.prefab
  artifactKey: Guid(bfd029cf92085ea4a9842fae64ef7799) Importer(815301076,1909f56bfc062723c751e8b465ee728b)
Start importing Assets/Polygonal Particles/Assets/Prefabs/Environment/Fireflies.prefab using Guid(bfd029cf92085ea4a9842fae64ef7799) Importer(815301076,1909f56bfc062723c751e8b465ee728b) (PreviewImporter) -> (artifact id: 'f74337525681426e72aad58d73f80c72') in 0.0114775 seconds
Number of updated asset objects reloaded before import = 0Number of asset objects unloaded after import = 8

========================================================================
Received Import Request.
  Time since last request: 0.000021 seconds.
  path: Assets/Polygonal Particles/Assets/Prefabs/Environment/Leaves_HighPerformance.prefab
  artifactKey: Guid(33d0ed8d089e88a489a67749141cd21e) Importer(815301076,1909f56bfc062723c751e8b465ee728b)
Start importing Assets/Polygonal Particles/Assets/Prefabs/Environment/Leaves_HighPerformance.prefab using Guid(33d0ed8d089e88a489a67749141cd21e) Importer(815301076,1909f56bfc062723c751e8b465ee728b) (PreviewImporter) -> (artifact id: '8ae0bff66d8cba0450351072e6fd66c4') in 0.027242 seconds
Number of updated asset objects reloaded before import = 0Number of asset objects unloaded after import = 8

========================================================================
Received Import Request.
  Time since last request: 0.000019 seconds.
  path: Assets/Polygonal Particles/Assets/Prefabs/Environment/Leaves.prefab
  artifactKey: Guid(3d42bbbe9fe446f41aa669ee01abd12d) Importer(815301076,1909f56bfc062723c751e8b465ee728b)
Start importing Assets/Polygonal Particles/Assets/Prefabs/Environment/Leaves.prefab using Guid(3d42bbbe9fe446f41aa669ee01abd12d) Importer(815301076,1909f56bfc062723c751e8b465ee728b) (PreviewImporter) -> (artifact id: 'cad152f86be1f0e4374121d9992664a9') in 0.0130883 seconds
Number of updated asset objects reloaded before import = 0Number of asset objects unloaded after import = 8

========================================================================
Received Import Request.
  Time since last request: 0.000037 seconds.
  path: Assets/Polygonal Particles/Assets/Prefabs/Environment/Bubbles_HighPerformance.prefab
  artifactKey: Guid(c3b9975886e3fa44ca8aac642728fb7b) Importer(815301076,1909f56bfc062723c751e8b465ee728b)
Start importing Assets/Polygonal Particles/Assets/Prefabs/Environment/Bubbles_HighPerformance.prefab using Guid(c3b9975886e3fa44ca8aac642728fb7b) Importer(815301076,1909f56bfc062723c751e8b465ee728b) (PreviewImporter) -> (artifact id: 'eb54a9a4de7a8a4ae0b6afcfad5028bf') in 0.0404012 seconds
Number of updated asset objects reloaded before import = 0Number of asset objects unloaded after import = 8

========================================================================
Received Import Request.
  Time since last request: 0.000020 seconds.
  path: Assets/Polygonal Particles/Assets/Prefabs/Environment/DustWithLeaves_HighPerformance.prefab
  artifactKey: Guid(74cd8b00c1dc6fd40a936b690d14727f) Importer(815301076,1909f56bfc062723c751e8b465ee728b)
Start importing Assets/Polygonal Particles/Assets/Prefabs/Environment/DustWithLeaves_HighPerformance.prefab using Guid(74cd8b00c1dc6fd40a936b690d14727f) Importer(815301076,1909f56bfc062723c751e8b465ee728b) (PreviewImporter) -> (artifact id: '4aed29a62478f0258c14af10596fdda8') in 0.0288189 seconds
Number of updated asset objects reloaded before import = 0Number of asset objects unloaded after import = 14

========================================================================
Received Import Request.
  Time since last request: 0.000029 seconds.
  path: Assets/Polygonal Particles/Assets/Prefabs/Environment/RadiationCloud.prefab
  artifactKey: Guid(f68c55851f485c240952b4b45648adda) Importer(815301076,1909f56bfc062723c751e8b465ee728b)
Start importing Assets/Polygonal Particles/Assets/Prefabs/Environment/RadiationCloud.prefab using Guid(f68c55851f485c240952b4b45648adda) Importer(815301076,1909f56bfc062723c751e8b465ee728b) (PreviewImporter) -> (artifact id: '42ef607524165694199a6b3798ea8270') in 0.0351193 seconds
Number of updated asset objects reloaded before import = 0Number of asset objects unloaded after import = 12

========================================================================
Received Import Request.
  Time since last request: 0.619389 seconds.
  path: Assets/Polygonal Particles/Assets/Prefabs/Explosions/Explosion01.prefab
  artifactKey: Guid(b3d8264aa7d2d824a8a503e45291ddf4) Importer(815301076,1909f56bfc062723c751e8b465ee728b)
Start importing Assets/Polygonal Particles/Assets/Prefabs/Explosions/Explosion01.prefab using Guid(b3d8264aa7d2d824a8a503e45291ddf4) Importer(815301076,1909f56bfc062723c751e8b465ee728b) (PreviewImporter) -> (artifact id: '647c10bffa65e99ddfb575fe03c5e38d') in 0.010855 seconds
Number of updated asset objects reloaded before import = 0Number of asset objects unloaded after import = 11

========================================================================
Received Import Request.
  Time since last request: 0.000023 seconds.
  path: Assets/Polygonal Particles/Assets/Prefabs/Explosions/Explosion03.prefab
  artifactKey: Guid(151b49b11ab5924429acc76ead6435fa) Importer(815301076,1909f56bfc062723c751e8b465ee728b)
Start importing Assets/Polygonal Particles/Assets/Prefabs/Explosions/Explosion03.prefab using Guid(151b49b11ab5924429acc76ead6435fa) Importer(815301076,1909f56bfc062723c751e8b465ee728b) (PreviewImporter) -> (artifact id: 'f0dd174187c248cec418402bf968b814') in 0.0120573 seconds
Number of updated asset objects reloaded before import = 0Number of asset objects unloaded after import = 12

========================================================================
Received Import Request.
  Time since last request: 0.000021 seconds.
  path: Assets/Polygonal Particles/Assets/Prefabs/Explosions/PuffLarge.prefab
  artifactKey: Guid(045d5fbbf8161ea478959fe3c8e41207) Importer(815301076,1909f56bfc062723c751e8b465ee728b)
Start importing Assets/Polygonal Particles/Assets/Prefabs/Explosions/PuffLarge.prefab using Guid(045d5fbbf8161ea478959fe3c8e41207) Importer(815301076,1909f56bfc062723c751e8b465ee728b) (PreviewImporter) -> (artifact id: '9eeae65cb09bf6aa2d3c9b4b6f884dc3') in 0.0470088 seconds
Number of updated asset objects reloaded before import = 0Number of asset objects unloaded after import = 12

========================================================================
Received Import Request.
  Time since last request: 0.000023 seconds.
  path: Assets/Polygonal Particles/Assets/Prefabs/Explosions/Explosion03_Mobile.prefab
  artifactKey: Guid(42b5a7c17e87672438c3602c0b701f71) Importer(815301076,1909f56bfc062723c751e8b465ee728b)
Start importing Assets/Polygonal Particles/Assets/Prefabs/Explosions/Explosion03_Mobile.prefab using Guid(42b5a7c17e87672438c3602c0b701f71) Importer(815301076,1909f56bfc062723c751e8b465ee728b) (PreviewImporter) -> (artifact id: 'cc17d9aedadd9e8578f6bb442bb1d730') in 0.0275491 seconds
Number of updated asset objects reloaded before import = 0Number of asset objects unloaded after import = 12

========================================================================
Received Import Request.
  Time since last request: 0.585303 seconds.
  path: Assets/Polygonal Particles/Assets/Prefabs/Fire/Fire01.prefab
  artifactKey: Guid(a9f3cc968bdb1cd4d800ee747b078afc) Importer(815301076,1909f56bfc062723c751e8b465ee728b)
Start importing Assets/Polygonal Particles/Assets/Prefabs/Fire/Fire01.prefab using Guid(a9f3cc968bdb1cd4d800ee747b078afc) Importer(815301076,1909f56bfc062723c751e8b465ee728b) (PreviewImporter) -> (artifact id: '135a83b6ad60ff6124ceb5fa1e611d26') in 0.0094534 seconds
Number of updated asset objects reloaded before import = 0Number of asset objects unloaded after import = 13

========================================================================
Received Import Request.
  Time since last request: 0.000024 seconds.
  path: Assets/Polygonal Particles/Assets/Prefabs/Fire/Fire02.prefab
  artifactKey: Guid(ef30331bc4c461842a1da74c1c8052ab) Importer(815301076,1909f56bfc062723c751e8b465ee728b)
Start importing Assets/Polygonal Particles/Assets/Prefabs/Fire/Fire02.prefab using Guid(ef30331bc4c461842a1da74c1c8052ab) Importer(815301076,1909f56bfc062723c751e8b465ee728b) (PreviewImporter) -> (artifact id: '6c548a99b8110b80997aa4dc83b0e486') in 0.009722 seconds
Number of updated asset objects reloaded before import = 0Number of asset objects unloaded after import = 13

========================================================================
Received Import Request.
  Time since last request: 0.000017 seconds.
  path: Assets/Polygonal Particles/Assets/Prefabs/Fire/FireArea_HighPerformance.prefab
  artifactKey: Guid(1ccbae7cfcc7e514dbe1904c7e6d794a) Importer(815301076,1909f56bfc062723c751e8b465ee728b)
Start importing Assets/Polygonal Particles/Assets/Prefabs/Fire/FireArea_HighPerformance.prefab using Guid(1ccbae7cfcc7e514dbe1904c7e6d794a) Importer(815301076,1909f56bfc062723c751e8b465ee728b) (PreviewImporter) -> (artifact id: '89d9b3a47532eed5e86203d6701e002b') in 0.0112945 seconds
Number of updated asset objects reloaded before import = 0Number of asset objects unloaded after import = 13

========================================================================
Received Import Request.
  Time since last request: 0.000023 seconds.
  path: Assets/Polygonal Particles/Assets/Prefabs/Fire/Flame_HighPerformance.prefab
  artifactKey: Guid(6161eded44c75044fbdbdb73f05ecc4e) Importer(815301076,1909f56bfc062723c751e8b465ee728b)
Start importing Assets/Polygonal Particles/Assets/Prefabs/Fire/Flame_HighPerformance.prefab using Guid(6161eded44c75044fbdbdb73f05ecc4e) Importer(815301076,1909f56bfc062723c751e8b465ee728b) (PreviewImporter) -> (artifact id: 'd641cebb4809b321d472c947db5ca64a') in 0.0099707 seconds
Number of updated asset objects reloaded before import = 0Number of asset objects unloaded after import = 8

========================================================================
Received Import Request.
  Time since last request: 0.000019 seconds.
  path: Assets/Polygonal Particles/Assets/Prefabs/Fire/FireBall_HighPerformance.prefab
  artifactKey: Guid(2492a38f2c3a20f4695d374ded8a8981) Importer(815301076,1909f56bfc062723c751e8b465ee728b)
Start importing Assets/Polygonal Particles/Assets/Prefabs/Fire/FireBall_HighPerformance.prefab using Guid(2492a38f2c3a20f4695d374ded8a8981) Importer(815301076,1909f56bfc062723c751e8b465ee728b) (PreviewImporter) -> (artifact id: '59bc0ea2b3f3bd810bade9951af597d5') in 0.0247966 seconds
Number of updated asset objects reloaded before import = 0Number of asset objects unloaded after import = 8

========================================================================
Received Import Request.
  Time since last request: 0.000025 seconds.
  path: Assets/Polygonal Particles/Assets/Prefabs/Fire/FireBall.prefab
  artifactKey: Guid(1b85934f3ab9f88409e04178ece71a05) Importer(815301076,1909f56bfc062723c751e8b465ee728b)
Start importing Assets/Polygonal Particles/Assets/Prefabs/Fire/FireBall.prefab using Guid(1b85934f3ab9f88409e04178ece71a05) Importer(815301076,1909f56bfc062723c751e8b465ee728b) (PreviewImporter) -> (artifact id: '8249d8e817f80d5af1622899338729ea') in 0.0266847 seconds
Number of updated asset objects reloaded before import = 0Number of asset objects unloaded after import = 8

========================================================================
Received Import Request.
  Time since last request: 0.000034 seconds.
  path: Assets/Polygonal Particles/Assets/Prefabs/Fire/FireBall_Mobile.prefab
  artifactKey: Guid(467cd1946a21a48419880914116ce12b) Importer(815301076,1909f56bfc062723c751e8b465ee728b)
Start importing Assets/Polygonal Particles/Assets/Prefabs/Fire/FireBall_Mobile.prefab using Guid(467cd1946a21a48419880914116ce12b) Importer(815301076,1909f56bfc062723c751e8b465ee728b) (PreviewImporter) -> (artifact id: 'ae998312deb5d303947cb798bcc55fb7') in 0.0270635 seconds
Number of updated asset objects reloaded before import = 0Number of asset objects unloaded after import = 8

========================================================================
Received Import Request.
  Time since last request: 0.402027 seconds.
  path: Assets/Polygonal Particles/Assets/Prefabs/Hit Particles/HitBlood.prefab
  artifactKey: Guid(6c86c599d7bf3464eb4506d2584fbe57) Importer(815301076,1909f56bfc062723c751e8b465ee728b)
Start importing Assets/Polygonal Particles/Assets/Prefabs/Hit Particles/HitBlood.prefab using Guid(6c86c599d7bf3464eb4506d2584fbe57) Importer(815301076,1909f56bfc062723c751e8b465ee728b) (PreviewImporter) -> (artifact id: '1b15edde22fcd868fe1e0231612c0d77') in 0.0149589 seconds
Number of updated asset objects reloaded before import = 0Number of asset objects unloaded after import = 8

========================================================================
Received Import Request.
  Time since last request: 0.000023 seconds.
  path: Assets/Polygonal Particles/Assets/Prefabs/Hit Particles/HitRock01_Mobile.prefab
  artifactKey: Guid(5490db4cc4dbced44b137549b1a4e6f1) Importer(815301076,1909f56bfc062723c751e8b465ee728b)
Start importing Assets/Polygonal Particles/Assets/Prefabs/Hit Particles/HitRock01_Mobile.prefab using Guid(5490db4cc4dbced44b137549b1a4e6f1) Importer(815301076,1909f56bfc062723c751e8b465ee728b) (PreviewImporter) -> (artifact id: 'e79175fc764008acb32125f008980724') in 0.0148944 seconds
Number of updated asset objects reloaded before import = 0Number of asset objects unloaded after import = 8

========================================================================
Received Import Request.
  Time since last request: 0.000022 seconds.
  path: Assets/Polygonal Particles/Assets/Prefabs/Hit Particles/HitTree_HighPerformance.prefab
  artifactKey: Guid(f73afd53ee73a4040bf224699b896846) Importer(815301076,1909f56bfc062723c751e8b465ee728b)
Start importing Assets/Polygonal Particles/Assets/Prefabs/Hit Particles/HitTree_HighPerformance.prefab using Guid(f73afd53ee73a4040bf224699b896846) Importer(815301076,1909f56bfc062723c751e8b465ee728b) (PreviewImporter) -> (artifact id: 'e04f241c5a8fb3788d6cf9dbd7ad4ae7') in 0.0372628 seconds
Number of updated asset objects reloaded before import = 0Number of asset objects unloaded after import = 8

========================================================================
Received Import Request.
  Time since last request: 0.000032 seconds.
  path: Assets/Polygonal Particles/Assets/Prefabs/Hit Particles/HitCrystal_Mobile.prefab
  artifactKey: Guid(45d4c8d9ea9159743b0fa0c998a36c56) Importer(815301076,1909f56bfc062723c751e8b465ee728b)
Start importing Assets/Polygonal Particles/Assets/Prefabs/Hit Particles/HitCrystal_Mobile.prefab using Guid(45d4c8d9ea9159743b0fa0c998a36c56) Importer(815301076,1909f56bfc062723c751e8b465ee728b) (PreviewImporter) -> (artifact id: '3e3a438e1034735d48db2b2324295a21') in 0.0268678 seconds
Number of updated asset objects reloaded before import = 0Number of asset objects unloaded after import = 8

========================================================================
Received Import Request.
  Time since last request: 0.000022 seconds.
  path: Assets/Polygonal Particles/Assets/Prefabs/Hit Particles/HitCrystal.prefab
  artifactKey: Guid(cd50a4d1576a7e74eb4bee69c0ccb283) Importer(815301076,1909f56bfc062723c751e8b465ee728b)
Start importing Assets/Polygonal Particles/Assets/Prefabs/Hit Particles/HitCrystal.prefab using Guid(cd50a4d1576a7e74eb4bee69c0ccb283) Importer(815301076,1909f56bfc062723c751e8b465ee728b) (PreviewImporter) -> (artifact id: '9d1ddb3c998bef8c8c655d150f2feefc') in 0.0279931 seconds
Number of updated asset objects reloaded before import = 0Number of asset objects unloaded after import = 8

========================================================================
Received Import Request.
  Time since last request: 1.661553 seconds.
  path: Assets/Polygonal Particles/Assets/Prefabs/Smoke/Smoke01.prefab
  artifactKey: Guid(3b89a0b81c18f8548ae1e630445434b9) Importer(815301076,1909f56bfc062723c751e8b465ee728b)
Start importing Assets/Polygonal Particles/Assets/Prefabs/Smoke/Smoke01.prefab using Guid(3b89a0b81c18f8548ae1e630445434b9) Importer(815301076,1909f56bfc062723c751e8b465ee728b) (PreviewImporter) -> (artifact id: '69bd2dc81361e3f12ac0de58207db30d') in 0.0104786 seconds
Number of updated asset objects reloaded before import = 0Number of asset objects unloaded after import = 8

========================================================================
Received Import Request.
  Time since last request: 0.000024 seconds.
  path: Assets/Polygonal Particles/Assets/Prefabs/Smoke/Smoke03_HighPerformance.prefab
  artifactKey: Guid(353a6dc3677785044a33c8328d982181) Importer(815301076,1909f56bfc062723c751e8b465ee728b)
Start importing Assets/Polygonal Particles/Assets/Prefabs/Smoke/Smoke03_HighPerformance.prefab using Guid(353a6dc3677785044a33c8328d982181) Importer(815301076,1909f56bfc062723c751e8b465ee728b) (PreviewImporter) -> (artifact id: 'ab0ceebfe60b4630bd336e9cacde4c21') in 0.0134993 seconds
Number of updated asset objects reloaded before import = 0Number of asset objects unloaded after import = 8

========================================================================
Received Import Request.
  Time since last request: 0.000025 seconds.
  path: Assets/Polygonal Particles/Assets/Prefabs/Smoke/Smoke03_Mobile.prefab
  artifactKey: Guid(3f178c4b668dc9249b8559353ce8b891) Importer(815301076,1909f56bfc062723c751e8b465ee728b)
Start importing Assets/Polygonal Particles/Assets/Prefabs/Smoke/Smoke03_Mobile.prefab using Guid(3f178c4b668dc9249b8559353ce8b891) Importer(815301076,1909f56bfc062723c751e8b465ee728b) (PreviewImporter) -> (artifact id: '75cae4f105ca0c02ebc59fccfc20b80d') in 0.0326084 seconds
Number of updated asset objects reloaded before import = 0Number of asset objects unloaded after import = 9

========================================================================
Received Import Request.
  Time since last request: 0.000029 seconds.
  path: Assets/Polygonal Particles/Assets/Prefabs/Smoke/Smoke03.prefab
  artifactKey: Guid(fd64a30dd68aeee438e405bbfa47eb61) Importer(815301076,1909f56bfc062723c751e8b465ee728b)
Start importing Assets/Polygonal Particles/Assets/Prefabs/Smoke/Smoke03.prefab using Guid(fd64a30dd68aeee438e405bbfa47eb61) Importer(815301076,1909f56bfc062723c751e8b465ee728b) (PreviewImporter) -> (artifact id: '54d320dd7c67449909ff037faf8e5aff') in 0.0369259 seconds
Number of updated asset objects reloaded before import = 0Number of asset objects unloaded after import = 8

Editor requested this worker to shutdown with reason: Scaling down because of idle timeout
AssetImportWorker is now disconnected from the server
Process exiting
Exiting without the bug reporter. Application will terminate with return code 0